# JRE version: 7.0_21-b11
# Java VM: Java HotSpot(TM) 64-Bit Server VM (23.21-b01 mixed mode windows-amd64 compressed oops)
Heap
 PSYoungGen      total 102912K, used 38298K [0x00000000f5560000, 0x00000000ffc00000, 0x0000000100000000)
  eden space 93184K, 31% used [0x00000000f5560000,0x00000000f7234380,0x00000000fb060000)
  from space 9728K, 90% used [0x00000000fb060000,0x00000000fb8f25e8,0x00000000fb9e0000)
  to   space 10752K, 0% used [0x00000000ff180000,0x00000000ff180000,0x00000000ffc00000)
 ParOldGen       total 32000K, used 15347K [0x00000000e0000000, 0x00000000e1f40000, 0x00000000f5560000)
  object space 32000K, 47% used [0x00000000e0000000,0x00000000e0efceb0,0x00000000e1f40000)
 PSPermGen       total 31808K, used 31726K [0x00000000dae00000, 0x00000000dcd10000, 0x00000000e0000000)
  object space 31808K, 99% used [0x00000000dae00000,0x00000000dccfb9e8,0x00000000dcd10000)
GC Heap History (10 events):
Event: 2.453 GC heap before
{Heap before GC invocations=5 (full 0):
 PSYoungGen      total 26048K, used 26016K [0x00000000f5560000, 0x00000000f70c0000, 0x0000000100000000)
  eden space 24064K, 100% used [0x00000000f5560000,0x00000000f6ce0000,0x00000000f6ce0000)
  from space 1984K, 98% used [0x00000000f6ed0000,0x00000000f70b8240,0x00000000f70c0000)
  to   space 1984K, 0% used [0x00000000f6ce0000,0x00000000f6ce0000,0x00000000f6ed0000)
 ParOldGen       total 32000K, used 5303K [0x00000000e0000000, 0x00000000e1f40000, 0x00000000f5560000)
  object space 32000K, 16% used [0x00000000e0000000,0x00000000e052dce8,0x00000000e1f40000)
 PSPermGen       total 21248K, used 15468K [0x00000000dae00000, 0x00000000dc2c0000, 0x00000000e0000000)
  object space 21248K, 72% used [0x00000000dae00000,0x00000000dbd1b3c0,0x00000000dc2c0000)
Event: 2.461 GC heap after
Heap after GC invocations=5 (full 0):
 PSYoungGen      total 26048K, used 1972K [0x00000000f5560000, 0x00000000f8e20000, 0x0000000100000000)
  eden space 24064K, 0% used [0x00000000f5560000,0x00000000f5560000,0x00000000f6ce0000)
  from space 1984K, 99% used [0x00000000f6ce0000,0x00000000f6ecd100,0x00000000f6ed0000)
  to   space 4992K, 0% used [0x00000000f8940000,0x00000000f8940000,0x00000000f8e20000)
 ParOldGen       total 32000K, used 7377K [0x00000000e0000000, 0x00000000e1f40000, 0x00000000f5560000)
  object space 32000K, 23% used [0x00000000e0000000,0x00000000e0734648,0x00000000e1f40000)
 PSPermGen       total 21248K, used 15468K [0x00000000dae00000, 0x00000000dc2c0000, 0x00000000e0000000)
  object space 21248K, 72% used [0x00000000dae00000,0x00000000dbd1b3c0,0x00000000dc2c0000)
}
Event: 2.963 GC heap before
{Heap before GC invocations=6 (full 0):
 PSYoungGen      total 26048K, used 26036K [0x00000000f5560000, 0x00000000f8e20000, 0x0000000100000000)
  eden space 24064K, 100% used [0x00000000f5560000,0x00000000f6ce0000,0x00000000f6ce0000)
  from space 1984K, 99% used [0x00000000f6ce0000,0x00000000f6ecd100,0x00000000f6ed0000)
  to   space 4992K, 0% used [0x00000000f8940000,0x00000000f8940000,0x00000000f8e20000)
 ParOldGen       total 32000K, used 7377K [0x00000000e0000000, 0x00000000e1f40000, 0x00000000f5560000)
  object space 32000K, 23% used [0x00000000e0000000,0x00000000e0734648,0x00000000e1f40000)
 PSPermGen       total 21248K, used 16255K [0x00000000dae00000, 0x00000000dc2c0000, 0x00000000e0000000)
  object space 21248K, 76% used [0x00000000dae00000,0x00000000dbddfea8,0x00000000dc2c0000)
Event: 2.974 GC heap after
Heap after GC invocations=6 (full 0):
 PSYoungGen      total 52032K, used 4979K [0x00000000f5560000, 0x00000000f9040000, 0x0000000100000000)
  eden space 47040K, 0% used [0x00000000f5560000,0x00000000f5560000,0x00000000f8350000)
  from space 4992K, 99% used [0x00000000f8940000,0x00000000f8e1cef0,0x00000000f8e20000)
  to   space 6080K, 0% used [0x00000000f8350000,0x00000000f8350000,0x00000000f8940000)
 ParOldGen       total 32000K, used 8169K [0x00000000e0000000, 0x00000000e1f40000, 0x00000000f5560000)
  object space 32000K, 25% used [0x00000000e0000000,0x00000000e07fa7d8,0x00000000e1f40000)
 PSPermGen       total 21248K, used 16255K [0x00000000dae00000, 0x00000000dc2c0000, 0x00000000e0000000)
  object space 21248K, 76% used [0x00000000dae00000,0x00000000dbddfea8,0x00000000dc2c0000)
}
Event: 14.053 GC heap before
{Heap before GC invocations=7 (full 0):
 PSYoungGen      total 52032K, used 52019K [0x00000000f5560000, 0x00000000f9040000, 0x0000000100000000)
  eden space 47040K, 100% used [0x00000000f5560000,0x00000000f8350000,0x00000000f8350000)
  from space 4992K, 99% used [0x00000000f8940000,0x00000000f8e1cef0,0x00000000f8e20000)
  to   space 6080K, 0% used [0x00000000f8350000,0x00000000f8350000,0x00000000f8940000)
 ParOldGen       total 32000K, used 8169K [0x00000000e0000000, 0x00000000e1f40000, 0x00000000f5560000)
  object space 32000K, 25% used [0x00000000e0000000,0x00000000e07fa7d8,0x00000000e1f40000)
 PSPermGen       total 21248K, used 19766K [0x00000000dae00000, 0x00000000dc2c0000, 0x00000000e0000000)
  object space 21248K, 93% used [0x00000000dae00000,0x00000000dc14d890,0x00000000dc2c0000)
Event: 14.069 GC heap after
Heap after GC invocations=7 (full 0):
 PSYoungGen      total 53120K, used 6052K [0x00000000f5560000, 0x00000000fc280000, 0x0000000100000000)
  eden space 47040K, 0% used [0x00000000f5560000,0x00000000f5560000,0x00000000f8350000)
  from space 6080K, 99% used [0x00000000f8350000,0x00000000f8939338,0x00000000f8940000)
  to   space 8832K, 0% used [0x00000000fb9e0000,0x00000000fb9e0000,0x00000000fc280000)
 ParOldGen       total 32000K, used 11973K [0x00000000e0000000, 0x00000000e1f40000, 0x00000000f5560000)
  object space 32000K, 37% used [0x00000000e0000000,0x00000000e0bb1518,0x00000000e1f40000)
 PSPermGen       total 21248K, used 19766K [0x00000000dae00000, 0x00000000dc2c0000, 0x00000000e0000000)
  object space 21248K, 93% used [0x00000000dae00000,0x00000000dc14d890,0x00000000dc2c0000)
}
Event: 14.939 GC heap before
{Heap before GC invocations=8 (full 0):
 PSYoungGen      total 53120K, used 53092K [0x00000000f5560000, 0x00000000fc280000, 0x0000000100000000)
  eden space 47040K, 100% used [0x00000000f5560000,0x00000000f8350000,0x00000000f8350000)
  from space 6080K, 99% used [0x00000000f8350000,0x00000000f8939338,0x00000000f8940000)
  to   space 8832K, 0% used [0x00000000fb9e0000,0x00000000fb9e0000,0x00000000fc280000)
 ParOldGen       total 32000K, used 11973K [0x00000000e0000000, 0x00000000e1f40000, 0x00000000f5560000)
  object space 32000K, 37% used [0x00000000e0000000,0x00000000e0bb1518,0x00000000e1f40000)
 PSPermGen       total 22592K, used 22460K [0x00000000dae00000, 0x00000000dc410000, 0x00000000e0000000)
  object space 22592K, 99% used [0x00000000dae00000,0x00000000dc3ef080,0x00000000dc410000)
Event: 14.958 GC heap after
Heap after GC invocations=8 (full 0):
 PSYoungGen      total 102016K, used 7910K [0x00000000f5560000, 0x00000000fc440000, 0x0000000100000000)
  eden space 93184K, 0% used [0x00000000f5560000,0x00000000f5560000,0x00000000fb060000)
  from space 8832K, 89% used [0x00000000fb9e0000,0x00000000fc199a98,0x00000000fc280000)
  to   space 9728K, 0% used [0x00000000fb060000,0x00000000fb060000,0x00000000fb9e0000)
 ParOldGen       total 32000K, used 12177K [0x00000000e0000000, 0x00000000e1f40000, 0x00000000f5560000)
  object space 32000K, 38% used [0x00000000e0000000,0x00000000e0be4568,0x00000000e1f40000)
 PSPermGen       total 22592K, used 22460K [0x00000000dae00000, 0x00000000dc410000, 0x00000000e0000000)
  object space 22592K, 99% used [0x00000000dae00000,0x00000000dc3ef080,0x00000000dc410000)
}
Event: 539.577 GC heap before
{Heap before GC invocations=9 (full 0):
 PSYoungGen      total 102016K, used 101094K [0x00000000f5560000, 0x00000000fc440000, 0x0000000100000000)
  eden space 93184K, 100% used [0x00000000f5560000,0x00000000fb060000,0x00000000fb060000)
  from space 8832K, 89% used [0x00000000fb9e0000,0x00000000fc199a98,0x00000000fc280000)
  to   space 9728K, 0% used [0x00000000fb060000,0x00000000fb060000,0x00000000fb9e0000)
 ParOldGen       total 32000K, used 12177K [0x00000000e0000000, 0x00000000e1f40000, 0x00000000f5560000)
  object space 32000K, 38% used [0x00000000e0000000,0x00000000e0be4568,0x00000000e1f40000)
 PSPermGen       total 29504K, used 29438K [0x00000000dae00000, 0x00000000dcad0000, 0x00000000e0000000)
  object space 29504K, 99% used [0x00000000dae00000,0x00000000dcabf950,0x00000000dcad0000)
Event: 539.594 GC heap after
Heap after GC invocations=9 (full 0):
 PSYoungGen      total 102912K, used 8777K [0x00000000f5560000, 0x00000000ffc00000, 0x0000000100000000)
  eden space 93184K, 0% used [0x00000000f5560000,0x00000000f5560000,0x00000000fb060000)
  from space 9728K, 90% used [0x00000000fb060000,0x00000000fb8f25e8,0x00000000fb9e0000)
  to   space 10752K, 0% used [0x00000000ff180000,0x00000000ff180000,0x00000000ffc00000)
 ParOldGen       total 32000K, used 15347K [0x00000000e0000000, 0x00000000e1f40000, 0x00000000f5560000)
  object space 32000K, 47% used [0x00000000e0000000,0x00000000e0efceb0,0x00000000e1f40000)
 PSPermGen       total 29504K, used 29438K [0x00000000dae00000, 0x00000000dcad0000, 0x00000000e0000000)
  object space 29504K, 99% used [0x00000000dae00000,0x00000000dcabf950,0x00000000dcad0000)
}

